<?xml version="1.0" encoding="UTF-8"?>
<testng-results ignored="0" total="1" passed="1" failed="0" skipped="0">
  <reporter-output>
  </reporter-output>
  <suite started-at="2025-05-04T21:51:29 EDT" name="Default suite" finished-at="2025-05-04T21:51:29 EDT" duration-ms="114">
    <groups>
    </groups>
    <test started-at="2025-05-04T21:51:29 EDT" name="Default test" finished-at="2025-05-04T21:51:29 EDT" duration-ms="114">
      <class name="TestNg.TestNg_Test">
        <test-method signature="test()[pri:0, instance:TestNg.TestNg_Test@7d0b7e3c]" started-at="2025-05-04T21:51:29 EDT" name="test" finished-at="2025-05-04T21:51:29 EDT" duration-ms="25" status="PASS">
          <reporter-output>
          </reporter-output>
        </test-method> <!-- test -->
      </class> <!-- TestNg.TestNg_Test -->
    </test> <!-- Default test -->
  </suite> <!-- Default suite -->
</testng-results>
